2020-11-20 15:37:58 [twisted] CRITICAL: Unhandled error in Deferred:
2020-11-20 15:37:58 [twisted] CRITICAL: 
Traceback (most recent call last):
  File "/Users/yuan/Software/anaconda3/lib/python3.7/site-packages/twisted/internet/defer.py", line 1418, in _inlineCallbacks
    result = g.send(result)
  File "/Users/yuan/Software/anaconda3/lib/python3.7/site-packages/scrapy/crawler.py", line 87, in crawl
    self.engine = self._create_engine()
  File "/Users/yuan/Software/anaconda3/lib/python3.7/site-packages/scrapy/crawler.py", line 101, in _create_engine
    return ExecutionEngine(self, lambda _: self.stop())
  File "/Users/yuan/Software/anaconda3/lib/python3.7/site-packages/scrapy/core/engine.py", line 67, in __init__
    self.scheduler_cls = load_object(self.settings['SCHEDULER'])
  File "/Users/yuan/Software/anaconda3/lib/python3.7/site-packages/scrapy/utils/misc.py", line 62, in load_object
    mod = import_module(module)
  File "/Users/yuan/Software/anaconda3/lib/python3.7/importlib/__init__.py", line 127, in import_module
    return _bootstrap._gcd_import(name[level:], package, level)
  File "<frozen importlib._bootstrap>", line 1006, in _gcd_import
  File "<frozen importlib._bootstrap>", line 983, in _find_and_load
  File "<frozen importlib._bootstrap>", line 953, in _find_and_load_unlocked
  File "<frozen importlib._bootstrap>", line 219, in _call_with_frames_removed
  File "<frozen importlib._bootstrap>", line 1006, in _gcd_import
  File "<frozen importlib._bootstrap>", line 983, in _find_and_load
  File "<frozen importlib._bootstrap>", line 965, in _find_and_load_unlocked
ModuleNotFoundError: No module named 'scrapy_redis'
